<?xml version="1.0" encoding="UTF-8"?>
<testsuite xmlns:xsi="http://www.w3.org/2001/XMLSchema-instance" xsi:noNamespaceSchemaLocation="https://maven.apache.org/surefire/maven-surefire-plugin/xsd/surefire-test-report-3.0.xsd" version="3.0" name="TestSuite" time="244.434" tests="7" errors="0" skipped="0" failures="1">
  <properties>
[...]
</properties>
  <testcase name="verifyAboutUsContent" classname="com.zirius.qa.tests.HomePageTest" time="4.195">
    <failure message="The following asserts failed:&#10;	expected [About U] but found [About Us.]" type="java.lang.AssertionError"><![CDATA[java.lang.AssertionError: 
The following asserts failed:
	expected [About U] but found [About Us.]
	at com.zirius.qa.tests.HomePageTest.verifyAboutUsContent(HomePageTest.java:34)
]]></failure>
    <system-out><![CDATA[.\src\main\resources\config.properties
]]></system-out>
    <system-err><![CDATA[SLF4J: Failed to load class "org.slf4j.impl.StaticLoggerBinder".
SLF4J: Defaulting to no-operation (NOP) logger implementation
SLF4J: See http://www.slf4j.org/codes.html#StaticLoggerBinder for further details.
log4j:WARN No appenders could be found for logger (org.apache.http.client.protocol.RequestAddCookies).
log4j:WARN Please initialize the log4j system properly.
log4j:WARN See http://logging.apache.org/log4j/1.2/faq.html#noconfig for more info.
Starting ChromeDriver 84.0.4147.30 (48b3e868b4cc0aa7e8149519690b6f6949e110a8-refs/branch-heads/4147@{#310}) on port 1118
Only local connections are allowed.
Please see https://chromedriver.chromium.org/security-considerations for suggestions on keeping ChromeDriver safe.
ChromeDriver was started successfully.
Aug 13, 2020 1:53:53 AM org.openqa.selenium.remote.ProtocolHandshake createSession
INFO: Detected dialect: W3C
]]></system-err>
  </testcase>
  <testcase name="verifyJobsContent" classname="com.zirius.qa.tests.HomePageTest" time="0">
    <system-out><![CDATA[.\src\main\resources\config.properties
]]></system-out>
    <system-err><![CDATA[Starting ChromeDriver 84.0.4147.30 (48b3e868b4cc0aa7e8149519690b6f6949e110a8-refs/branch-heads/4147@{#310}) on port 42703
Only local connections are allowed.
Please see https://chromedriver.chromium.org/security-considerations for suggestions on keeping ChromeDriver safe.
ChromeDriver was started successfully.
Aug 13, 2020 1:55:13 AM org.openqa.selenium.remote.ProtocolHandshake createSession
INFO: Detected dialect: W3C
]]></system-err>
  </testcase>
  <testcase name="fillContactUsFormField[FirstNameOne, firstname1@gmail.com, Message One](1)" classname="com.zirius.qa.tests.HomePageTest" time="2.624">
    <system-out><![CDATA[C:\Users\Administrator\IdeaProjects\Selenium\ZiriusTest\.\testdata\ContactUsFormTestData.xlsx 
C:\Users\Administrator\IdeaProjects\Selenium\ZiriusTest\testdata\ContactUsFormTestData.xlsx 
.\testdata\ContactUsFormTestData.xlsx
Row Count: 6 Column Count: 3
.\src\main\resources\config.properties
]]></system-out>
    <system-err><![CDATA[Starting ChromeDriver 84.0.4147.30 (48b3e868b4cc0aa7e8149519690b6f6949e110a8-refs/branch-heads/4147@{#310}) on port 15401
Only local connections are allowed.
Please see https://chromedriver.chromium.org/security-considerations for suggestions on keeping ChromeDriver safe.
ChromeDriver was started successfully.
Aug 13, 2020 1:55:51 AM org.openqa.selenium.remote.ProtocolHandshake createSession
INFO: Detected dialect: W3C
]]></system-err>
  </testcase>
  <testcase name="fillContactUsFormField[FirstNameTwo, firstname2@gmail.com, Message Two](2)" classname="com.zirius.qa.tests.HomePageTest" time="4.242">
    <system-out><![CDATA[.\src\main\resources\config.properties
]]></system-out>
    <system-err><![CDATA[Starting ChromeDriver 84.0.4147.30 (48b3e868b4cc0aa7e8149519690b6f6949e110a8-refs/branch-heads/4147@{#310}) on port 1803
Only local connections are allowed.
Please see https://chromedriver.chromium.org/security-considerations for suggestions on keeping ChromeDriver safe.
ChromeDriver was started successfully.
Aug 13, 2020 1:56:30 AM org.openqa.selenium.remote.ProtocolHandshake createSession
INFO: Detected dialect: W3C
]]></system-err>
  </testcase>
  <testcase name="fillContactUsFormField[FirstNameThree, firstname3@gmail.com, Message Three](3)" classname="com.zirius.qa.tests.HomePageTest" time="3.769">
    <system-out><![CDATA[.\src\main\resources\config.properties
]]></system-out>
    <system-err><![CDATA[Starting ChromeDriver 84.0.4147.30 (48b3e868b4cc0aa7e8149519690b6f6949e110a8-refs/branch-heads/4147@{#310}) on port 35542
Only local connections are allowed.
Please see https://chromedriver.chromium.org/security-considerations for suggestions on keeping ChromeDriver safe.
ChromeDriver was started successfully.
Aug 13, 2020 1:56:59 AM org.openqa.selenium.remote.ProtocolHandshake createSession
INFO: Detected dialect: W3C
]]></system-err>
  </testcase>
  <testcase name="fillContactUsFormField[FirstNameFour, firstname4@gmail.com, Message Four](4)" classname="com.zirius.qa.tests.HomePageTest" time="2.466">
    <system-out><![CDATA[.\src\main\resources\config.properties
]]></system-out>
    <system-err><![CDATA[Starting ChromeDriver 84.0.4147.30 (48b3e868b4cc0aa7e8149519690b6f6949e110a8-refs/branch-heads/4147@{#310}) on port 38364
Only local connections are allowed.
Please see https://chromedriver.chromium.org/security-considerations for suggestions on keeping ChromeDriver safe.
ChromeDriver was started successfully.
Aug 13, 2020 1:57:11 AM org.openqa.selenium.remote.ProtocolHandshake createSession
INFO: Detected dialect: W3C
]]></system-err>
  </testcase>
  <testcase name="fillContactUsFormField[FirstNameFive, firstname5@gmail.com, Message Five](5)" classname="com.zirius.qa.tests.HomePageTest" time="0">
    <system-out><![CDATA[.\src\main\resources\config.properties
]]></system-out>
    <system-err><![CDATA[Starting ChromeDriver 84.0.4147.30 (48b3e868b4cc0aa7e8149519690b6f6949e110a8-refs/branch-heads/4147@{#310}) on port 45568
Only local connections are allowed.
Please see https://chromedriver.chromium.org/security-considerations for suggestions on keeping ChromeDriver safe.
ChromeDriver was started successfully.
Aug 13, 2020 1:57:24 AM org.openqa.selenium.remote.ProtocolHandshake createSession
INFO: Detected dialect: W3C
]]></system-err>
  </testcase>
</testsuite>