<?xml version="1.0" encoding="UTF-8"?>
<testng-results ignored="0" total="7" passed="6" failed="1" skipped="0">
  <reporter-output>
  </reporter-output>
  <suite started-at="2020-08-13T01:35:38 IST" name="Default Suite" finished-at="2020-08-13T01:37:07 IST" duration-ms="89496">
    <groups>
    </groups>
    <test started-at="2020-08-13T01:35:38 IST" name="ZiriusTest" finished-at="2020-08-13T01:37:07 IST" duration-ms="89496">
      <class name="com.zirius.qa.tests.HomePageTest">
        <test-method is-config="true" signature="setUp()[pri:0, instance:com.zirius.qa.tests.HomePageTest@77fbd92c]" started-at="2020-08-13T01:35:38 IST" name="setUp" finished-at="2020-08-13T01:35:51 IST" duration-ms="13233" status="PASS">
          <reporter-output>
          </reporter-output>
        </test-method> <!-- setUp -->
        <test-method signature="verifyAboutUsContent()[pri:1, instance:com.zirius.qa.tests.HomePageTest@77fbd92c]" started-at="2020-08-13T01:35:51 IST" name="verifyAboutUsContent" finished-at="2020-08-13T01:35:52 IST" duration-ms="731" status="FAIL">
          <exception class="java.lang.AssertionError">
            <message>
              <![CDATA[The following asserts failed:
expected [About U] but found [About Us.]]]>
            </message>
            <full-stacktrace>
              <![CDATA[java.lang.AssertionError: The following asserts failed:
expected [About U] but found [About Us.]
at org.testng.asserts.SoftAssert.assertAll(SoftAssert.java:47)
at org.testng.asserts.SoftAssert.assertAll(SoftAssert.java:31)
at com.zirius.qa.pages.HomePage.verifyAboutUsDescription(HomePage.java:173)
at com.zirius.qa.tests.HomePageTest.verifyAboutUsContent(HomePageTest.java:34)
at java.base/jdk.internal.reflect.NativeMethodAccessorImpl.invoke0(Native Method)
at java.base/jdk.internal.reflect.NativeMethodAccessorImpl.invoke(NativeMethodAccessorImpl.java:62)
at java.base/jdk.internal.reflect.DelegatingMethodAccessorImpl.invoke(DelegatingMethodAccessorImpl.java:43)
at java.base/java.lang.reflect.Method.invoke(Method.java:566)
at org.testng.internal.MethodInvocationHelper.invokeMethod(MethodInvocationHelper.java:134)
at org.testng.internal.TestInvoker.invokeMethod(TestInvoker.java:597)
at org.testng.internal.TestInvoker.invokeTestMethod(TestInvoker.java:173)
at org.testng.internal.MethodRunner.runInSequence(MethodRunner.java:46)
at org.testng.internal.TestInvoker$MethodInvocationAgent.invoke(TestInvoker.java:816)
at org.testng.internal.TestInvoker.invokeTestMethods(TestInvoker.java:146)
at org.testng.internal.TestMethodWorker.invokeTestMethods(TestMethodWorker.java:146)
at org.testng.internal.TestMethodWorker.run(TestMethodWorker.java:128)
at java.base/java.util.ArrayList.forEach(ArrayList.java:1540)
at org.testng.TestRunner.privateRun(TestRunner.java:766)
at org.testng.TestRunner.run(TestRunner.java:587)
at org.testng.SuiteRunner.runTest(SuiteRunner.java:384)
at org.testng.SuiteRunner.runSequentially(SuiteRunner.java:378)
at org.testng.SuiteRunner.privateRun(SuiteRunner.java:337)
at org.testng.SuiteRunner.run(SuiteRunner.java:286)
at org.testng.SuiteRunnerWorker.runSuite(SuiteRunnerWorker.java:53)
at org.testng.SuiteRunnerWorker.run(SuiteRunnerWorker.java:96)
at org.testng.TestNG.runSuitesSequentially(TestNG.java:1187)
at org.testng.TestNG.runSuitesLocally(TestNG.java:1109)
at org.testng.TestNG.runSuites(TestNG.java:1039)
at org.testng.TestNG.run(TestNG.java:1007)
at org.testng.IDEARemoteTestNG.run(IDEARemoteTestNG.java:73)
at org.testng.RemoteTestNGStarter.main(RemoteTestNGStarter.java:123)
]]>
            </full-stacktrace>
          </exception> <!-- java.lang.AssertionError -->
          <reporter-output>
          </reporter-output>
        </test-method> <!-- verifyAboutUsContent -->
        <test-method is-config="true" signature="tearDown()[pri:0, instance:com.zirius.qa.tests.HomePageTest@77fbd92c]" started-at="2020-08-13T01:35:52 IST" name="tearDown" finished-at="2020-08-13T01:35:57 IST" duration-ms="5216" status="PASS">
          <reporter-output>
          </reporter-output>
        </test-method> <!-- tearDown -->
        <test-method is-config="true" signature="setUp()[pri:0, instance:com.zirius.qa.tests.HomePageTest@77fbd92c]" started-at="2020-08-13T01:35:57 IST" name="setUp" finished-at="2020-08-13T01:36:03 IST" duration-ms="5883" status="PASS">
          <reporter-output>
          </reporter-output>
        </test-method> <!-- setUp -->
        <test-method signature="verifyJobsContent()[pri:2, instance:com.zirius.qa.tests.HomePageTest@77fbd92c]" started-at="2020-08-13T01:36:03 IST" name="verifyJobsContent" finished-at="2020-08-13T01:36:04 IST" duration-ms="515" status="PASS">
          <reporter-output>
          </reporter-output>
        </test-method> <!-- verifyJobsContent -->
        <test-method is-config="true" signature="tearDown()[pri:0, instance:com.zirius.qa.tests.HomePageTest@77fbd92c]" started-at="2020-08-13T01:36:04 IST" name="tearDown" finished-at="2020-08-13T01:36:04 IST" duration-ms="841" status="PASS">
          <reporter-output>
          </reporter-output>
        </test-method> <!-- tearDown -->
        <test-method is-config="true" signature="setUp()[pri:0, instance:com.zirius.qa.tests.HomePageTest@77fbd92c]" started-at="2020-08-13T01:36:06 IST" name="setUp" finished-at="2020-08-13T01:36:14 IST" duration-ms="7696" status="PASS">
          <reporter-output>
          </reporter-output>
        </test-method> <!-- setUp -->
        <test-method signature="fillContactUsFormField(java.lang.String, java.lang.String, java.lang.String)[pri:3, instance:com.zirius.qa.tests.HomePageTest@77fbd92c]" started-at="2020-08-13T01:36:14 IST" name="fillContactUsFormField" data-provider="ContactUsFormField" finished-at="2020-08-13T01:36:18 IST" duration-ms="4028" status="PASS">
          <params>
            <param index="0">
              <value>
                <![CDATA[FirstNameOne]]>
              </value>
            </param>
            <param index="1">
              <value>
                <![CDATA[firstname1@gmail.com]]>
              </value>
            </param>
            <param index="2">
              <value>
                <![CDATA[Message One]]>
              </value>
            </param>
          </params>
          <reporter-output>
          </reporter-output>
        </test-method> <!-- fillContactUsFormField -->
        <test-method is-config="true" signature="tearDown()[pri:0, instance:com.zirius.qa.tests.HomePageTest@77fbd92c]" started-at="2020-08-13T01:36:18 IST" name="tearDown" finished-at="2020-08-13T01:36:18 IST" duration-ms="785" status="PASS">
          <reporter-output>
          </reporter-output>
        </test-method> <!-- tearDown -->
        <test-method is-config="true" signature="setUp()[pri:0, instance:com.zirius.qa.tests.HomePageTest@77fbd92c]" started-at="2020-08-13T01:36:18 IST" name="setUp" finished-at="2020-08-13T01:36:24 IST" duration-ms="6003" status="PASS">
          <reporter-output>
          </reporter-output>
        </test-method> <!-- setUp -->
        <test-method signature="fillContactUsFormField(java.lang.String, java.lang.String, java.lang.String)[pri:3, instance:com.zirius.qa.tests.HomePageTest@77fbd92c]" started-at="2020-08-13T01:36:24 IST" name="fillContactUsFormField" data-provider="ContactUsFormField" finished-at="2020-08-13T01:36:28 IST" duration-ms="3640" status="PASS">
          <params>
            <param index="0">
              <value>
                <![CDATA[FirstNameTwo]]>
              </value>
            </param>
            <param index="1">
              <value>
                <![CDATA[firstname2@gmail.com]]>
              </value>
            </param>
            <param index="2">
              <value>
                <![CDATA[Message Two]]>
              </value>
            </param>
          </params>
          <reporter-output>
          </reporter-output>
        </test-method> <!-- fillContactUsFormField -->
        <test-method is-config="true" signature="tearDown()[pri:0, instance:com.zirius.qa.tests.HomePageTest@77fbd92c]" started-at="2020-08-13T01:36:28 IST" name="tearDown" finished-at="2020-08-13T01:36:29 IST" duration-ms="1112" status="PASS">
          <reporter-output>
          </reporter-output>
        </test-method> <!-- tearDown -->
        <test-method is-config="true" signature="setUp()[pri:0, instance:com.zirius.qa.tests.HomePageTest@77fbd92c]" started-at="2020-08-13T01:36:29 IST" name="setUp" finished-at="2020-08-13T01:36:37 IST" duration-ms="7299" status="PASS">
          <reporter-output>
          </reporter-output>
        </test-method> <!-- setUp -->
        <test-method signature="fillContactUsFormField(java.lang.String, java.lang.String, java.lang.String)[pri:3, instance:com.zirius.qa.tests.HomePageTest@77fbd92c]" started-at="2020-08-13T01:36:37 IST" name="fillContactUsFormField" data-provider="ContactUsFormField" finished-at="2020-08-13T01:36:41 IST" duration-ms="3993" status="PASS">
          <params>
            <param index="0">
              <value>
                <![CDATA[FirstNameThree]]>
              </value>
            </param>
            <param index="1">
              <value>
                <![CDATA[firstname3@gmail.com]]>
              </value>
            </param>
            <param index="2">
              <value>
                <![CDATA[Message Three]]>
              </value>
            </param>
          </params>
          <reporter-output>
          </reporter-output>
        </test-method> <!-- fillContactUsFormField -->
        <test-method is-config="true" signature="tearDown()[pri:0, instance:com.zirius.qa.tests.HomePageTest@77fbd92c]" started-at="2020-08-13T01:36:41 IST" name="tearDown" finished-at="2020-08-13T01:36:41 IST" duration-ms="801" status="PASS">
          <reporter-output>
          </reporter-output>
        </test-method> <!-- tearDown -->
        <test-method is-config="true" signature="setUp()[pri:0, instance:com.zirius.qa.tests.HomePageTest@77fbd92c]" started-at="2020-08-13T01:36:41 IST" name="setUp" finished-at="2020-08-13T01:36:49 IST" duration-ms="8015" status="PASS">
          <reporter-output>
          </reporter-output>
        </test-method> <!-- setUp -->
        <test-method signature="fillContactUsFormField(java.lang.String, java.lang.String, java.lang.String)[pri:3, instance:com.zirius.qa.tests.HomePageTest@77fbd92c]" started-at="2020-08-13T01:36:49 IST" name="fillContactUsFormField" data-provider="ContactUsFormField" finished-at="2020-08-13T01:36:54 IST" duration-ms="4284" status="PASS">
          <params>
            <param index="0">
              <value>
                <![CDATA[FirstNameFour]]>
              </value>
            </param>
            <param index="1">
              <value>
                <![CDATA[firstname4@gmail.com]]>
              </value>
            </param>
            <param index="2">
              <value>
                <![CDATA[Message Four]]>
              </value>
            </param>
          </params>
          <reporter-output>
          </reporter-output>
        </test-method> <!-- fillContactUsFormField -->
        <test-method is-config="true" signature="tearDown()[pri:0, instance:com.zirius.qa.tests.HomePageTest@77fbd92c]" started-at="2020-08-13T01:36:54 IST" name="tearDown" finished-at="2020-08-13T01:36:55 IST" duration-ms="882" status="PASS">
          <reporter-output>
          </reporter-output>
        </test-method> <!-- tearDown -->
        <test-method is-config="true" signature="setUp()[pri:0, instance:com.zirius.qa.tests.HomePageTest@77fbd92c]" started-at="2020-08-13T01:36:55 IST" name="setUp" finished-at="2020-08-13T01:37:02 IST" duration-ms="7702" status="PASS">
          <reporter-output>
          </reporter-output>
        </test-method> <!-- setUp -->
        <test-method signature="fillContactUsFormField(java.lang.String, java.lang.String, java.lang.String)[pri:3, instance:com.zirius.qa.tests.HomePageTest@77fbd92c]" started-at="2020-08-13T01:37:02 IST" name="fillContactUsFormField" data-provider="ContactUsFormField" finished-at="2020-08-13T01:37:06 IST" duration-ms="3922" status="PASS">
          <params>
            <param index="0">
              <value>
                <![CDATA[FirstNameFive]]>
              </value>
            </param>
            <param index="1">
              <value>
                <![CDATA[firstname5@gmail.com]]>
              </value>
            </param>
            <param index="2">
              <value>
                <![CDATA[Message Five]]>
              </value>
            </param>
          </params>
          <reporter-output>
          </reporter-output>
        </test-method> <!-- fillContactUsFormField -->
        <test-method is-config="true" signature="tearDown()[pri:0, instance:com.zirius.qa.tests.HomePageTest@77fbd92c]" started-at="2020-08-13T01:37:06 IST" name="tearDown" finished-at="2020-08-13T01:37:07 IST" duration-ms="1271" status="PASS">
          <reporter-output>
          </reporter-output>
        </test-method> <!-- tearDown -->
      </class> <!-- com.zirius.qa.tests.HomePageTest -->
    </test> <!-- ZiriusTest -->
  </suite> <!-- Default Suite -->
</testng-results>
