<?xml version="1.0" encoding="UTF-8"?>
<!-- Generated by org.testng.reporters.JUnitXMLReporter -->
<testsuite ignored="0" hostname="Bharathiraj-PC" failures="1" tests="7" name="Zirius Test Case-1" time="241.361" errors="0" timestamp="2020-08-13T01:57:42 IST">
  <testcase classname="com.zirius.qa.tests.HomePageTest" name="verifyAboutUsContent" time="3.81">
    <failure type="java.lang.AssertionError" message="The following asserts failed:
	expected [About U] but found [About Us.]">
      <![CDATA[java.lang.AssertionError: The following asserts failed:
expected [About U] but found [About Us.]
at com.zirius.qa.pages.HomePage.verifyAboutUsDescription(HomePage.java:173)
at com.zirius.qa.tests.HomePageTest.verifyAboutUsContent(HomePageTest.java:34)
at java.base/java.util.ArrayList.forEach(ArrayList.java:1507)
... Removed 33 stack frames]]>
    </failure>
  </testcase> <!-- verifyAboutUsContent -->
  <testcase classname="com.zirius.qa.tests.HomePageTest" name="verifyJobsContent" time="0.303"/>
  <testcase classname="com.zirius.qa.tests.HomePageTest" name="fillContactUsFormField" time="3.868"/>
  <testcase classname="com.zirius.qa.tests.HomePageTest" name="fillContactUsFormField" time="4.587"/>
  <testcase classname="com.zirius.qa.tests.HomePageTest" name="fillContactUsFormField" time="3.848"/>
  <testcase classname="com.zirius.qa.tests.HomePageTest" name="fillContactUsFormField" time="4.248"/>
  <testcase classname="com.zirius.qa.tests.HomePageTest" name="fillContactUsFormField" time="3.964"/>
</testsuite> <!-- Zirius Test Case-1 -->
